Node 9: {data:9, child:3} {data:20, child:8} 
Node 3: {data:3, child:1} {data:6, child:2} {data:9, child:4} 
Node 1: {data:1} {data:2} {data:3} 
Node 2: {data:4} {data:5} {data:6} 
Node 4: {data:7} {data:8} {data:9} 
Node 8: {data:12, child:5} {data:15, child:6} {data:20, child:7} 
Node 5: {data:10} {data:11} {data:12} 
Node 6: {data:13} {data:14} {data:15} 
Node 7: {data:16} {data:17} {data:18} {data:19} {data:20} 
-------
Node 3: {data:6, child:1} {data:9, child:4} {data:12, child:5} {data:15, child:6} {data:20, child:7} 
Node 1: {data:1} {data:3} {data:4} {data:5} {data:6} 
Node 4: {data:7} {data:8} {data:9} 
Node 5: {data:10} {data:11} {data:12} 
Node 6: {data:13} {data:14} {data:15} 
Node 7: {data:16} {data:17} {data:18} {data:19} {data:20} 
-------
Node 3: {data:6, child:1} {data:9, child:4} {data:12, child:5} {data:15, child:6} {data:20, child:7} 
Node 1: {data:1} {data:3} {data:5} {data:6} 
Node 4: {data:7} {data:8} {data:9} 
Node 5: {data:10} {data:11} {data:12} 
Node 6: {data:13} {data:14} {data:15} 
Node 7: {data:16} {data:17} {data:18} {data:19} {data:20} 
-------
Node 3: {data:5, child:1} {data:9, child:4} {data:12, child:5} {data:15, child:6} {data:20, child:7} 
Node 1: {data:1} {data:3} {data:5} 
Node 4: {data:7} {data:8} {data:9} 
Node 5: {data:10} {data:11} {data:12} 
Node 6: {data:13} {data:14} {data:15} 
Node 7: {data:16} {data:17} {data:18} {data:19} {data:20} 
-------
Node 3: {data:9, child:1} {data:12, child:5} {data:15, child:6} {data:20, child:7} 
Node 1: {data:1} {data:3} {data:5} {data:7} {data:9} 
Node 5: {data:10} {data:11} {data:12} 
Node 6: {data:13} {data:14} {data:15} 
Node 7: {data:16} {data:17} {data:18} {data:19} {data:20} 
-------
Node 3: {data:7, child:1} {data:12, child:5} {data:15, child:6} {data:20, child:7} 
Node 1: {data:1} {data:3} {data:5} {data:7} 
Node 5: {data:9} {data:11} {data:12} 
Node 6: {data:13} {data:14} {data:15} 
Node 7: {data:16} {data:17} {data:18} {data:19} {data:20} 
-------
Node 3: {data:5, child:1} {data:11, child:5} {data:15, child:6} {data:20, child:7} 
Node 1: {data:1} {data:3} {data:5} 
Node 5: {data:7} {data:9} {data:11} 
Node 6: {data:13} {data:14} {data:15} 
Node 7: {data:16} {data:17} {data:18} {data:19} {data:20} 
-------
Node 3: {data:5, child:1} {data:11, child:5} {data:16, child:6} {data:20, child:7} 
Node 1: {data:1} {data:3} {data:5} 
Node 5: {data:7} {data:9} {data:11} 
Node 6: {data:13} {data:15} {data:16} 
Node 7: {data:17} {data:18} {data:19} {data:20} 
-------
Node 3: {data:5, child:1} {data:11, child:5} {data:17, child:6} {data:20, child:7} 
Node 1: {data:1} {data:3} {data:5} 
Node 5: {data:7} {data:9} {data:11} 
Node 6: {data:13} {data:15} {data:17} 
Node 7: {data:18} {data:19} {data:20} 
-------
Node 3: {data:5, child:1} {data:11, child:5} {data:20, child:6} 
Node 1: {data:1} {data:3} {data:5} 
Node 5: {data:7} {data:9} {data:11} 
Node 6: {data:13} {data:15} {data:17} {data:19} {data:20} 
-------
Node 3: {data:5, child:1} {data:11, child:5} {data:19, child:6} 
Node 1: {data:1} {data:3} {data:5} 
Node 5: {data:7} {data:9} {data:11} 
Node 6: {data:13} {data:15} {data:17} {data:19} 
1 3 5 7 9 11 13 15 17 19 
Node 3: {data:5, child:1} {data:11, child:5} {data:19, child:6} 
Node 1: {data:1} {data:3} {data:5} 
Node 5: {data:7} {data:9} {data:11} 
Node 6: {data:13} {data:15} {data:17} {data:19} 
